<?xml version="1.0" encoding="UTF-8"?>
<robot generator="Robot 4.1.3 (Python 3.8.10 on linux)" generated="20220303 07:55:27.758" rpa="false" schemaversion="2">
<suite id="s1" name="Tests" source="/home/xnaxnaxn/Ohtuminiprojekti/src/tests">
<suite id="s1-s1" name="Home" source="/home/xnaxnaxn/Ohtuminiprojekti/src/tests/home.robot">
<kw name="Open And Configure Browser" library="resource" type="SETUP">
<kw name="Open Browser" library="SeleniumLibrary">
<arg>browser=${BROWSER}</arg>
<doc>Opens a new browser instance to the optional ``url``.</doc>
<msg timestamp="20220303 07:55:28.078" level="INFO">Opening browser 'headlesschrome' to base url 'None'.</msg>
<status status="PASS" starttime="20220303 07:55:28.077" endtime="20220303 07:55:28.749"/>
</kw>
<kw name="Maximize Browser Window" library="SeleniumLibrary">
<doc>Maximizes current browser window.</doc>
<status status="PASS" starttime="20220303 07:55:28.749" endtime="20220303 07:55:28.854"/>
</kw>
<kw name="Set Selenium Speed" library="SeleniumLibrary">
<arg>${DELAY}</arg>
<doc>Sets the delay that is waited after each Selenium command.</doc>
<status status="PASS" starttime="20220303 07:55:28.854" endtime="20220303 07:55:28.855"/>
</kw>
<status status="PASS" starttime="20220303 07:55:28.077" endtime="20220303 07:55:28.856"/>
</kw>
<test id="s1-s1-t1" name="Click New Tip Link">
<kw name="Go To Home Page" library="resource" type="SETUP">
<kw name="Go To" library="SeleniumLibrary">
<arg>${HOME URL}</arg>
<doc>Navigates the current browser window to the provided ``url``.</doc>
<msg timestamp="20220303 07:55:28.858" level="INFO">Opening url 'http://localhost:5000'</msg>
<status status="PASS" starttime="20220303 07:55:28.858" endtime="20220303 07:55:28.935"/>
</kw>
<status status="PASS" starttime="20220303 07:55:28.857" endtime="20220303 07:55:28.935"/>
</kw>
<kw name="Click Link" library="SeleniumLibrary">
<arg>/add_tip</arg>
<doc>Clicks a link identified by ``locator``.</doc>
<msg timestamp="20220303 07:55:28.937" level="INFO">Clicking link '/add_tip'.</msg>
<status status="PASS" starttime="20220303 07:55:28.936" endtime="20220303 07:55:29.016"/>
</kw>
<kw name="New Tip Page Should Be Open" library="resource">
<kw name="Title Should Be" library="SeleniumLibrary">
<arg>Lisää uusi lukuvinkki</arg>
<doc>Verifies that the current page title equals ``title``.</doc>
<msg timestamp="20220303 07:55:29.023" level="INFO">Page title is 'Lisää uusi lukuvinkki'.</msg>
<status status="PASS" starttime="20220303 07:55:29.017" endtime="20220303 07:55:29.024"/>
</kw>
<status status="PASS" starttime="20220303 07:55:29.017" endtime="20220303 07:55:29.024"/>
</kw>
<status status="PASS" starttime="20220303 07:55:28.856" endtime="20220303 07:55:29.024"/>
</test>
<test id="s1-s1-t2" name="No Previous Tips">
<kw name="Go To Home Page" library="resource" type="SETUP">
<kw name="Go To" library="SeleniumLibrary">
<arg>${HOME URL}</arg>
<doc>Navigates the current browser window to the provided ``url``.</doc>
<msg timestamp="20220303 07:55:29.027" level="INFO">Opening url 'http://localhost:5000'</msg>
<status status="PASS" starttime="20220303 07:55:29.026" endtime="20220303 07:55:29.042"/>
</kw>
<status status="PASS" starttime="20220303 07:55:29.026" endtime="20220303 07:55:29.042"/>
</kw>
<kw name="Page Should Contain" library="SeleniumLibrary">
<arg>Ei vielä lisättyjä lukuvinkkejä</arg>
<doc>Verifies that current page contains ``text``.</doc>
<msg timestamp="20220303 07:55:29.060" level="INFO">Current page contains text 'Ei vielä lisättyjä lukuvinkkejä'.</msg>
<status status="PASS" starttime="20220303 07:55:29.042" endtime="20220303 07:55:29.061"/>
</kw>
<status status="PASS" starttime="20220303 07:55:29.025" endtime="20220303 07:55:29.061"/>
</test>
<test id="s1-s1-t3" name="Create Tip And Check If It Is Visible">
<kw name="Go To Home Page" library="resource" type="SETUP">
<kw name="Go To" library="SeleniumLibrary">
<arg>${HOME URL}</arg>
<doc>Navigates the current browser window to the provided ``url``.</doc>
<msg timestamp="20220303 07:55:29.063" level="INFO">Opening url 'http://localhost:5000'</msg>
<status status="PASS" starttime="20220303 07:55:29.063" endtime="20220303 07:55:29.081"/>
</kw>
<status status="PASS" starttime="20220303 07:55:29.062" endtime="20220303 07:55:29.081"/>
</kw>
<kw name="Create Tip" library="AppLibrary">
<arg>test</arg>
<arg>test</arg>
<arg>test</arg>
<status status="PASS" starttime="20220303 07:55:29.081" endtime="20220303 07:55:29.107"/>
</kw>
<kw name="Go To Home Page" library="resource">
<kw name="Go To" library="SeleniumLibrary">
<arg>${HOME URL}</arg>
<doc>Navigates the current browser window to the provided ``url``.</doc>
<msg timestamp="20220303 07:55:29.108" level="INFO">Opening url 'http://localhost:5000'</msg>
<status status="PASS" starttime="20220303 07:55:29.108" endtime="20220303 07:55:29.130"/>
</kw>
<status status="PASS" starttime="20220303 07:55:29.107" endtime="20220303 07:55:29.130"/>
</kw>
<kw name="Home Page Should Be Open" library="resource">
<kw name="Title Should Be" library="SeleniumLibrary">
<arg>Lukuvinkkikirjasto</arg>
<doc>Verifies that the current page title equals ``title``.</doc>
<msg timestamp="20220303 07:55:29.137" level="INFO">Page title is 'Lukuvinkkikirjasto'.</msg>
<status status="PASS" starttime="20220303 07:55:29.131" endtime="20220303 07:55:29.137"/>
</kw>
<status status="PASS" starttime="20220303 07:55:29.131" endtime="20220303 07:55:29.137"/>
</kw>
<kw name="Page Should Contain" library="SeleniumLibrary">
<arg>test</arg>
<doc>Verifies that current page contains ``text``.</doc>
<msg timestamp="20220303 07:55:29.158" level="INFO">Current page contains text 'test'.</msg>
<status status="PASS" starttime="20220303 07:55:29.138" endtime="20220303 07:55:29.158"/>
</kw>
<status status="PASS" starttime="20220303 07:55:29.061" endtime="20220303 07:55:29.158"/>
</test>
<kw name="Close Browser" library="SeleniumLibrary" type="TEARDOWN">
<doc>Closes the current browser.</doc>
<status status="PASS" starttime="20220303 07:55:29.159" endtime="20220303 07:55:29.217"/>
</kw>
<status status="PASS" starttime="20220303 07:55:27.793" endtime="20220303 07:55:29.217"/>
</suite>
<suite id="s1-s2" name="New Tip" source="/home/xnaxnaxn/Ohtuminiprojekti/src/tests/new_tip.robot">
<kw name="Open And Configure Browser" library="resource" type="SETUP">
<kw name="Open Browser" library="SeleniumLibrary">
<arg>browser=${BROWSER}</arg>
<doc>Opens a new browser instance to the optional ``url``.</doc>
<msg timestamp="20220303 07:55:29.230" level="INFO">Opening browser 'headlesschrome' to base url 'None'.</msg>
<status status="PASS" starttime="20220303 07:55:29.229" endtime="20220303 07:55:29.896"/>
</kw>
<kw name="Maximize Browser Window" library="SeleniumLibrary">
<doc>Maximizes current browser window.</doc>
<status status="PASS" starttime="20220303 07:55:29.897" endtime="20220303 07:55:30.001"/>
</kw>
<kw name="Set Selenium Speed" library="SeleniumLibrary">
<arg>${DELAY}</arg>
<doc>Sets the delay that is waited after each Selenium command.</doc>
<status status="PASS" starttime="20220303 07:55:30.002" endtime="20220303 07:55:30.003"/>
</kw>
<status status="PASS" starttime="20220303 07:55:29.229" endtime="20220303 07:55:30.003"/>
</kw>
<test id="s1-s2-t1" name="Submit New Tip With Title">
<kw name="Go To New Tip" type="SETUP">
<kw name="Go To New Tip Page" library="resource">
<kw name="Go To" library="SeleniumLibrary">
<arg>${NEW TIP URL}</arg>
<doc>Navigates the current browser window to the provided ``url``.</doc>
<msg timestamp="20220303 07:55:30.006" level="INFO">Opening url 'http://localhost:5000/add_tip'</msg>
<status status="PASS" starttime="20220303 07:55:30.005" endtime="20220303 07:55:30.093"/>
</kw>
<status status="PASS" starttime="20220303 07:55:30.005" endtime="20220303 07:55:30.094"/>
</kw>
<kw name="New Tip Page Should Be Open" library="resource">
<kw name="Title Should Be" library="SeleniumLibrary">
<arg>Lisää uusi lukuvinkki</arg>
<doc>Verifies that the current page title equals ``title``.</doc>
<msg timestamp="20220303 07:55:30.099" level="INFO">Page title is 'Lisää uusi lukuvinkki'.</msg>
<status status="PASS" starttime="20220303 07:55:30.094" endtime="20220303 07:55:30.099"/>
</kw>
<status status="PASS" starttime="20220303 07:55:30.094" endtime="20220303 07:55:30.100"/>
</kw>
<status status="PASS" starttime="20220303 07:55:30.004" endtime="20220303 07:55:30.100"/>
</kw>
<kw name="Set Title">
<arg>NewTip</arg>
<kw name="Input Text" library="SeleniumLibrary">
<arg>title</arg>
<arg>${title}</arg>
<doc>Types the given ``text`` into the text field identified by ``locator``.</doc>
<msg timestamp="20220303 07:55:30.101" level="INFO">Typing text 'NewTip' into text field 'title'.</msg>
<status status="PASS" starttime="20220303 07:55:30.101" endtime="20220303 07:55:30.201"/>
</kw>
<status status="PASS" starttime="20220303 07:55:30.100" endtime="20220303 07:55:30.201"/>
</kw>
<kw name="Submit Tip">
<kw name="Click Button" library="SeleniumLibrary">
<arg>Lisää uusi vinkki</arg>
<doc>Clicks the button identified by ``locator``.</doc>
<msg timestamp="20220303 07:55:30.202" level="INFO">Clicking button 'Lisää uusi vinkki'.</msg>
<status status="PASS" starttime="20220303 07:55:30.202" endtime="20220303 07:55:30.301"/>
</kw>
<status status="PASS" starttime="20220303 07:55:30.201" endtime="20220303 07:55:30.301"/>
</kw>
<kw name="Submit Should Succeed And Contain Tip">
<arg>NewTip</arg>
<kw name="Home Page Should Be Open" library="resource">
<kw name="Title Should Be" library="SeleniumLibrary">
<arg>Lukuvinkkikirjasto</arg>
<doc>Verifies that the current page title equals ``title``.</doc>
<msg timestamp="20220303 07:55:30.308" level="INFO">Page title is 'Lukuvinkkikirjasto'.</msg>
<status status="PASS" starttime="20220303 07:55:30.303" endtime="20220303 07:55:30.308"/>
</kw>
<status status="PASS" starttime="20220303 07:55:30.303" endtime="20220303 07:55:30.309"/>
</kw>
<kw name="Page Should Contain" library="SeleniumLibrary">
<arg>${message}</arg>
<doc>Verifies that current page contains ``text``.</doc>
<msg timestamp="20220303 07:55:30.326" level="INFO">Current page contains text 'NewTip'.</msg>
<status status="PASS" starttime="20220303 07:55:30.309" endtime="20220303 07:55:30.326"/>
</kw>
<status status="PASS" starttime="20220303 07:55:30.302" endtime="20220303 07:55:30.326"/>
</kw>
<status status="PASS" starttime="20220303 07:55:30.003" endtime="20220303 07:55:30.326"/>
</test>
<test id="s1-s2-t2" name="Submit New Tip With Title And Url And Description">
<kw name="Go To New Tip" type="SETUP">
<kw name="Go To New Tip Page" library="resource">
<kw name="Go To" library="SeleniumLibrary">
<arg>${NEW TIP URL}</arg>
<doc>Navigates the current browser window to the provided ``url``.</doc>
<msg timestamp="20220303 07:55:30.329" level="INFO">Opening url 'http://localhost:5000/add_tip'</msg>
<status status="PASS" starttime="20220303 07:55:30.329" endtime="20220303 07:55:30.344"/>
</kw>
<status status="PASS" starttime="20220303 07:55:30.328" endtime="20220303 07:55:30.344"/>
</kw>
<kw name="New Tip Page Should Be Open" library="resource">
<kw name="Title Should Be" library="SeleniumLibrary">
<arg>Lisää uusi lukuvinkki</arg>
<doc>Verifies that the current page title equals ``title``.</doc>
<msg timestamp="20220303 07:55:30.350" level="INFO">Page title is 'Lisää uusi lukuvinkki'.</msg>
<status status="PASS" starttime="20220303 07:55:30.345" endtime="20220303 07:55:30.350"/>
</kw>
<status status="PASS" starttime="20220303 07:55:30.344" endtime="20220303 07:55:30.350"/>
</kw>
<status status="PASS" starttime="20220303 07:55:30.328" endtime="20220303 07:55:30.350"/>
</kw>
<kw name="Set Title">
<arg>something</arg>
<kw name="Input Text" library="SeleniumLibrary">
<arg>title</arg>
<arg>${title}</arg>
<doc>Types the given ``text`` into the text field identified by ``locator``.</doc>
<msg timestamp="20220303 07:55:30.352" level="INFO">Typing text 'something' into text field 'title'.</msg>
<status status="PASS" starttime="20220303 07:55:30.351" endtime="20220303 07:55:30.444"/>
</kw>
<status status="PASS" starttime="20220303 07:55:30.351" endtime="20220303 07:55:30.444"/>
</kw>
<kw name="Set URL">
<arg>https://www.youtube.com/</arg>
<kw name="Input Text" library="SeleniumLibrary">
<arg>url</arg>
<arg>${title}</arg>
<doc>Types the given ``text`` into the text field identified by ``locator``.</doc>
<msg timestamp="20220303 07:55:30.445" level="INFO">Typing text 'https://www.youtube.com/' into text field 'url'.</msg>
<status status="PASS" starttime="20220303 07:55:30.445" endtime="20220303 07:55:30.541"/>
</kw>
<status status="PASS" starttime="20220303 07:55:30.444" endtime="20220303 07:55:30.542"/>
</kw>
<kw name="Set Description">
<arg>something</arg>
<kw name="Input Text" library="SeleniumLibrary">
<arg>description</arg>
<arg>${title}</arg>
<doc>Types the given ``text`` into the text field identified by ``locator``.</doc>
<msg timestamp="20220303 07:55:30.543" level="INFO">Typing text 'something' into text field 'description'.</msg>
<status status="PASS" starttime="20220303 07:55:30.542" endtime="20220303 07:55:30.631"/>
</kw>
<status status="PASS" starttime="20220303 07:55:30.542" endtime="20220303 07:55:30.631"/>
</kw>
<kw name="Submit Tip">
<kw name="Click Button" library="SeleniumLibrary">
<arg>Lisää uusi vinkki</arg>
<doc>Clicks the button identified by ``locator``.</doc>
<msg timestamp="20220303 07:55:30.632" level="INFO">Clicking button 'Lisää uusi vinkki'.</msg>
<status status="PASS" starttime="20220303 07:55:30.632" endtime="20220303 07:55:30.707"/>
</kw>
<status status="PASS" starttime="20220303 07:55:30.631" endtime="20220303 07:55:30.708"/>
</kw>
<kw name="Submit Should Succeed And Contain Tip">
<arg>something, something, https://www.youtube.com/</arg>
<kw name="Home Page Should Be Open" library="resource">
<kw name="Title Should Be" library="SeleniumLibrary">
<arg>Lukuvinkkikirjasto</arg>
<doc>Verifies that the current page title equals ``title``.</doc>
<msg timestamp="20220303 07:55:30.714" level="INFO">Page title is 'Lukuvinkkikirjasto'.</msg>
<status status="PASS" starttime="20220303 07:55:30.709" endtime="20220303 07:55:30.714"/>
</kw>
<status status="PASS" starttime="20220303 07:55:30.709" endtime="20220303 07:55:30.714"/>
</kw>
<kw name="Page Should Contain" library="SeleniumLibrary">
<arg>${message}</arg>
<doc>Verifies that current page contains ``text``.</doc>
<msg timestamp="20220303 07:55:30.731" level="INFO">Current page contains text 'something, something, https://www.youtube.com/'.</msg>
<status status="PASS" starttime="20220303 07:55:30.714" endtime="20220303 07:55:30.731"/>
</kw>
<status status="PASS" starttime="20220303 07:55:30.708" endtime="20220303 07:55:30.731"/>
</kw>
<status status="PASS" starttime="20220303 07:55:30.327" endtime="20220303 07:55:30.732"/>
</test>
<test id="s1-s2-t3" name="Submit New Tip With Too Short Title">
<kw name="Go To New Tip" type="SETUP">
<kw name="Go To New Tip Page" library="resource">
<kw name="Go To" library="SeleniumLibrary">
<arg>${NEW TIP URL}</arg>
<doc>Navigates the current browser window to the provided ``url``.</doc>
<msg timestamp="20220303 07:55:30.737" level="INFO">Opening url 'http://localhost:5000/add_tip'</msg>
<status status="PASS" starttime="20220303 07:55:30.737" endtime="20220303 07:55:30.754"/>
</kw>
<status status="PASS" starttime="20220303 07:55:30.733" endtime="20220303 07:55:30.754"/>
</kw>
<kw name="New Tip Page Should Be Open" library="resource">
<kw name="Title Should Be" library="SeleniumLibrary">
<arg>Lisää uusi lukuvinkki</arg>
<doc>Verifies that the current page title equals ``title``.</doc>
<msg timestamp="20220303 07:55:30.760" level="INFO">Page title is 'Lisää uusi lukuvinkki'.</msg>
<status status="PASS" starttime="20220303 07:55:30.755" endtime="20220303 07:55:30.760"/>
</kw>
<status status="PASS" starttime="20220303 07:55:30.755" endtime="20220303 07:55:30.761"/>
</kw>
<status status="PASS" starttime="20220303 07:55:30.733" endtime="20220303 07:55:30.761"/>
</kw>
<kw name="Set Title">
<arg>so</arg>
<kw name="Input Text" library="SeleniumLibrary">
<arg>title</arg>
<arg>${title}</arg>
<doc>Types the given ``text`` into the text field identified by ``locator``.</doc>
<msg timestamp="20220303 07:55:30.762" level="INFO">Typing text 'so' into text field 'title'.</msg>
<status status="PASS" starttime="20220303 07:55:30.762" endtime="20220303 07:55:30.848"/>
</kw>
<status status="PASS" starttime="20220303 07:55:30.761" endtime="20220303 07:55:30.849"/>
</kw>
<kw name="Set URL">
<arg>https://www.youtube.com/</arg>
<kw name="Input Text" library="SeleniumLibrary">
<arg>url</arg>
<arg>${title}</arg>
<doc>Types the given ``text`` into the text field identified by ``locator``.</doc>
<msg timestamp="20220303 07:55:30.850" level="INFO">Typing text 'https://www.youtube.com/' into text field 'url'.</msg>
<status status="PASS" starttime="20220303 07:55:30.850" endtime="20220303 07:55:30.940"/>
</kw>
<status status="PASS" starttime="20220303 07:55:30.849" endtime="20220303 07:55:30.941"/>
</kw>
<kw name="Set Description">
<arg>something</arg>
<kw name="Input Text" library="SeleniumLibrary">
<arg>description</arg>
<arg>${title}</arg>
<doc>Types the given ``text`` into the text field identified by ``locator``.</doc>
<msg timestamp="20220303 07:55:30.942" level="INFO">Typing text 'something' into text field 'description'.</msg>
<status status="PASS" starttime="20220303 07:55:30.941" endtime="20220303 07:55:31.023"/>
</kw>
<status status="PASS" starttime="20220303 07:55:30.941" endtime="20220303 07:55:31.023"/>
</kw>
<kw name="Submit Tip">
<kw name="Click Button" library="SeleniumLibrary">
<arg>Lisää uusi vinkki</arg>
<doc>Clicks the button identified by ``locator``.</doc>
<msg timestamp="20220303 07:55:31.024" level="INFO">Clicking button 'Lisää uusi vinkki'.</msg>
<status status="PASS" starttime="20220303 07:55:31.024" endtime="20220303 07:55:31.097"/>
</kw>
<status status="PASS" starttime="20220303 07:55:31.024" endtime="20220303 07:55:31.097"/>
</kw>
<kw name="Submit Should Fail With Message">
<arg>Anna otsikko 3-50 merkin pituisena</arg>
<kw name="New Tip Page Should Be Open" library="resource">
<kw name="Title Should Be" library="SeleniumLibrary">
<arg>Lisää uusi lukuvinkki</arg>
<doc>Verifies that the current page title equals ``title``.</doc>
<msg timestamp="20220303 07:55:31.103" level="INFO">Page title is 'Lisää uusi lukuvinkki'.</msg>
<status status="PASS" starttime="20220303 07:55:31.098" endtime="20220303 07:55:31.103"/>
</kw>
<status status="PASS" starttime="20220303 07:55:31.098" endtime="20220303 07:55:31.103"/>
</kw>
<kw name="Page Should Contain" library="SeleniumLibrary">
<arg>${message}</arg>
<doc>Verifies that current page contains ``text``.</doc>
<msg timestamp="20220303 07:55:31.122" level="INFO">Current page contains text 'Anna otsikko 3-50 merkin pituisena'.</msg>
<status status="PASS" starttime="20220303 07:55:31.103" endtime="20220303 07:55:31.122"/>
</kw>
<status status="PASS" starttime="20220303 07:55:31.097" endtime="20220303 07:55:31.122"/>
</kw>
<status status="PASS" starttime="20220303 07:55:30.732" endtime="20220303 07:55:31.123"/>
</test>
<test id="s1-s2-t4" name="Submit New Tip With Too Long Title">
<kw name="Go To New Tip" type="SETUP">
<kw name="Go To New Tip Page" library="resource">
<kw name="Go To" library="SeleniumLibrary">
<arg>${NEW TIP URL}</arg>
<doc>Navigates the current browser window to the provided ``url``.</doc>
<msg timestamp="20220303 07:55:31.125" level="INFO">Opening url 'http://localhost:5000/add_tip'</msg>
<status status="PASS" starttime="20220303 07:55:31.125" endtime="20220303 07:55:31.142"/>
</kw>
<status status="PASS" starttime="20220303 07:55:31.125" endtime="20220303 07:55:31.142"/>
</kw>
<kw name="New Tip Page Should Be Open" library="resource">
<kw name="Title Should Be" library="SeleniumLibrary">
<arg>Lisää uusi lukuvinkki</arg>
<doc>Verifies that the current page title equals ``title``.</doc>
<msg timestamp="20220303 07:55:31.148" level="INFO">Page title is 'Lisää uusi lukuvinkki'.</msg>
<status status="PASS" starttime="20220303 07:55:31.143" endtime="20220303 07:55:31.148"/>
</kw>
<status status="PASS" starttime="20220303 07:55:31.142" endtime="20220303 07:55:31.148"/>
</kw>
<status status="PASS" starttime="20220303 07:55:31.124" endtime="20220303 07:55:31.149"/>
</kw>
<kw name="Set Title">
<arg>sofdasfdasfdsafdsafdsafdsafdsafdsafdsafdsadfdfdsafdgfdshgfdhgfdjhgjhgfjhgdjhgfdhgf</arg>
<kw name="Input Text" library="SeleniumLibrary">
<arg>title</arg>
<arg>${title}</arg>
<doc>Types the given ``text`` into the text field identified by ``locator``.</doc>
<msg timestamp="20220303 07:55:31.150" level="INFO">Typing text 'sofdasfdasfdsafdsafdsafdsafdsafdsafdsafdsadfdfdsafdgfdshgfdhgfdjhgjhgfjhgdjhgfdhgf' into text field 'title'.</msg>
<status status="PASS" starttime="20220303 07:55:31.150" endtime="20220303 07:55:31.267"/>
</kw>
<status status="PASS" starttime="20220303 07:55:31.149" endtime="20220303 07:55:31.267"/>
</kw>
<kw name="Set URL">
<arg>https://www.youtube.com/</arg>
<kw name="Input Text" library="SeleniumLibrary">
<arg>url</arg>
<arg>${title}</arg>
<doc>Types the given ``text`` into the text field identified by ``locator``.</doc>
<msg timestamp="20220303 07:55:31.268" level="INFO">Typing text 'https://www.youtube.com/' into text field 'url'.</msg>
<status status="PASS" starttime="20220303 07:55:31.268" endtime="20220303 07:55:31.360"/>
</kw>
<status status="PASS" starttime="20220303 07:55:31.267" endtime="20220303 07:55:31.361"/>
</kw>
<kw name="Set Description">
<arg>something</arg>
<kw name="Input Text" library="SeleniumLibrary">
<arg>description</arg>
<arg>${title}</arg>
<doc>Types the given ``text`` into the text field identified by ``locator``.</doc>
<msg timestamp="20220303 07:55:31.361" level="INFO">Typing text 'something' into text field 'description'.</msg>
<status status="PASS" starttime="20220303 07:55:31.361" endtime="20220303 07:55:31.443"/>
</kw>
<status status="PASS" starttime="20220303 07:55:31.361" endtime="20220303 07:55:31.443"/>
</kw>
<kw name="Submit Tip">
<kw name="Click Button" library="SeleniumLibrary">
<arg>Lisää uusi vinkki</arg>
<doc>Clicks the button identified by ``locator``.</doc>
<msg timestamp="20220303 07:55:31.444" level="INFO">Clicking button 'Lisää uusi vinkki'.</msg>
<status status="PASS" starttime="20220303 07:55:31.444" endtime="20220303 07:55:31.514"/>
</kw>
<status status="PASS" starttime="20220303 07:55:31.443" endtime="20220303 07:55:31.514"/>
</kw>
<kw name="Submit Should Fail With Message">
<arg>Anna otsikko 3-50 merkin pituisena</arg>
<kw name="New Tip Page Should Be Open" library="resource">
<kw name="Title Should Be" library="SeleniumLibrary">
<arg>Lisää uusi lukuvinkki</arg>
<doc>Verifies that the current page title equals ``title``.</doc>
<msg timestamp="20220303 07:55:31.539" level="INFO">Page title is 'Lisää uusi lukuvinkki'.</msg>
<status status="PASS" starttime="20220303 07:55:31.516" endtime="20220303 07:55:31.539"/>
</kw>
<status status="PASS" starttime="20220303 07:55:31.515" endtime="20220303 07:55:31.540"/>
</kw>
<kw name="Page Should Contain" library="SeleniumLibrary">
<arg>${message}</arg>
<doc>Verifies that current page contains ``text``.</doc>
<msg timestamp="20220303 07:55:31.556" level="INFO">Current page contains text 'Anna otsikko 3-50 merkin pituisena'.</msg>
<status status="PASS" starttime="20220303 07:55:31.540" endtime="20220303 07:55:31.556"/>
</kw>
<status status="PASS" starttime="20220303 07:55:31.515" endtime="20220303 07:55:31.556"/>
</kw>
<status status="PASS" starttime="20220303 07:55:31.123" endtime="20220303 07:55:31.557"/>
</test>
<kw name="Close Browser" library="SeleniumLibrary" type="TEARDOWN">
<doc>Closes the current browser.</doc>
<status status="PASS" starttime="20220303 07:55:31.558" endtime="20220303 07:55:31.616"/>
</kw>
<status status="PASS" starttime="20220303 07:55:29.219" endtime="20220303 07:55:31.616"/>
</suite>
<status status="PASS" starttime="20220303 07:55:27.759" endtime="20220303 07:55:31.619"/>
</suite>
<statistics>
<total>
<stat pass="7" fail="0" skip="0">All Tests</stat>
</total>
<tag>
</tag>
<suite>
<stat pass="7" fail="0" skip="0" id="s1" name="Tests">Tests</stat>
<stat pass="3" fail="0" skip="0" id="s1-s1" name="Home">Tests.Home</stat>
<stat pass="4" fail="0" skip="0" id="s1-s2" name="New Tip">Tests.New Tip</stat>
</suite>
</statistics>
<errors>
</errors>
</robot>
